<?xml version="1.0" encoding="UTF-8"?>
<testsuite name="groovy.database.DatabaseConnectionTest" tests="5" skipped="0" failures="1" errors="0" timestamp="2025-04-14T01:46:23" hostname="pcosta-idea330" time="1.386">
  <properties/>
  <testcase name="deve criar uma fábrica de conexão corretamente" classname="groovy.database.DatabaseConnectionTest" time="0.114"/>
  <testcase name="deve estabelecer uma conexão com o banco de dados" classname="groovy.database.DatabaseConnectionTest" time="0.569"/>
  <testcase name="deve criar uma instância Sql válida" classname="groovy.database.DatabaseConnectionTest" time="0.151"/>
  <testcase name="deve lançar exceção quando não conseguir conectar ao banco" classname="groovy.database.DatabaseConnectionTest" time="0.446"/>
  <testcase name="deve persistir dados no banco" classname="groovy.database.DatabaseConnectionTest" time="0.1">
    <failure message="java.lang.RuntimeException: Falha ao criar conexão Sql com o banco de dados" type="java.lang.RuntimeException">java.lang.RuntimeException: Falha ao criar conexão Sql com o banco de dados
	at groovy.database.ConnectionFactory.createSql(ConnectionFactory.groovy:35)
	at groovy.database.DatabaseConnectionTest.deve persistir dados no banco(DatabaseConnectionTest.groovy:87)
	Suppressed: java.lang.NullPointerException: Cannot invoke method execute() on null object
		at org.codehaus.groovy.runtime.NullObject.invokeMethod(NullObject.java:95)
		at org.codehaus.groovy.vmplugin.v8.IndyGuardsFiltersAndSignatures.invokeGroovyObjectInvoker(IndyGuardsFiltersAndSignatures.java:149)
		at org.codehaus.groovy.vmplugin.v8.IndyInterface.fromCache(IndyInterface.java:321)
		at groovy.database.DatabaseConnectionTest.$spock_feature_0_4(DatabaseConnectionTest.groovy:97)
		at java.base/jdk.internal.reflect.NativeMethodAccessorImpl.invoke0(Native Method)
		at java.base/jdk.internal.reflect.NativeMethodAccessorImpl.invoke(NativeMethodAccessorImpl.java:77)
		at java.base/jdk.internal.reflect.DelegatingMethodAccessorImpl.invoke(DelegatingMethodAccessorImpl.java:43)
		at java.base/java.lang.reflect.Method.invoke(Method.java:568)
		at org.spockframework.util.ReflectionUtil.invokeMethod(ReflectionUtil.java:187)
		at org.spockframework.runtime.model.MethodInfo.lambda$new$0(MethodInfo.java:49)
		at org.spockframework.runtime.model.MethodInfo.invoke(MethodInfo.java:156)
		at org.spockframework.runtime.PlatformSpecRunner.invokeRaw(PlatformSpecRunner.java:407)
		at org.spockframework.runtime.PlatformSpecRunner.invoke(PlatformSpecRunner.java:390)
		at org.spockframework.runtime.PlatformSpecRunner.runFeatureMethod(PlatformSpecRunner.java:324)
		at org.spockframework.runtime.IterationNode.execute(IterationNode.java:50)
		at org.spockframework.runtime.SimpleFeatureNode.execute(SimpleFeatureNode.java:58)
		at org.spockframework.runtime.SimpleFeatureNode.execute(SimpleFeatureNode.java:15)
		at org.junit.platform.engine.support.hierarchical.NodeTestTask.lambda$executeRecursively$6(NodeTestTask.java:151)
		at org.junit.platform.engine.support.hierarchical.ThrowableCollector.execute(ThrowableCollector.java:73)
		at org.junit.platform.engine.support.hierarchical.NodeTestTask.lambda$executeRecursively$8(NodeTestTask.java:141)
		at org.spockframework.runtime.SpockNode.sneakyInvoke(SpockNode.java:40)
		at org.spockframework.runtime.IterationNode.lambda$around$0(IterationNode.java:67)
		at org.spockframework.runtime.PlatformSpecRunner.lambda$createMethodInfoForDoRunIteration$5(PlatformSpecRunner.java:236)
		at org.spockframework.runtime.model.MethodInfo.invoke(MethodInfo.java:156)
		at org.spockframework.runtime.PlatformSpecRunner.invokeRaw(PlatformSpecRunner.java:407)
		at org.spockframework.runtime.PlatformSpecRunner.invoke(PlatformSpecRunner.java:390)
		at org.spockframework.runtime.PlatformSpecRunner.runIteration(PlatformSpecRunner.java:218)
		at org.spockframework.runtime.IterationNode.around(IterationNode.java:67)
		at org.spockframework.runtime.SimpleFeatureNode.lambda$around$0(SimpleFeatureNode.java:52)
		at org.spockframework.runtime.SpockNode.sneakyInvoke(SpockNode.java:40)
		at org.spockframework.runtime.FeatureNode.lambda$around$0(FeatureNode.java:41)
		at org.spockframework.runtime.PlatformSpecRunner.lambda$createMethodInfoForDoRunFeature$4(PlatformSpecRunner.java:199)
		at org.spockframework.runtime.model.MethodInfo.invoke(MethodInfo.java:156)
		at org.spockframework.runtime.PlatformSpecRunner.invokeRaw(PlatformSpecRunner.java:407)
		at org.spockframework.runtime.PlatformSpecRunner.invoke(PlatformSpecRunner.java:390)
		at org.spockframework.runtime.PlatformSpecRunner.runFeature(PlatformSpecRunner.java:192)
		at org.spockframework.runtime.FeatureNode.around(FeatureNode.java:41)
		at org.spockframework.runtime.SimpleFeatureNode.around(SimpleFeatureNode.java:52)
		at org.spockframework.runtime.SimpleFeatureNode.around(SimpleFeatureNode.java:15)
		at org.junit.platform.engine.support.hierarchical.NodeTestTask.lambda$executeRecursively$9(NodeTestTask.java:139)
		at org.junit.platform.engine.support.hierarchical.ThrowableCollector.execute(ThrowableCollector.java:73)
		at org.junit.platform.engine.support.hierarchical.NodeTestTask.executeRecursively(NodeTestTask.java:138)
		at org.junit.platform.engine.support.hierarchical.NodeTestTask.execute(NodeTestTask.java:95)
		at java.base/java.util.ArrayList.forEach(ArrayList.java:1511)
		at org.junit.platform.engine.support.hierarchical.SameThreadHierarchicalTestExecutorService.invokeAll(SameThreadHierarchicalTestExecutorService.java:41)
		at org.junit.platform.engine.support.hierarchical.NodeTestTask.lambda$executeRecursively$6(NodeTestTask.java:155)
		at org.junit.platform.engine.support.hierarchical.ThrowableCollector.execute(ThrowableCollector.java:73)
		at org.junit.platform.engine.support.hierarchical.NodeTestTask.lambda$executeRecursively$8(NodeTestTask.java:141)
		at org.spockframework.runtime.SpockNode.sneakyInvoke(SpockNode.java:40)
		at org.spockframework.runtime.SpecNode.lambda$around$0(SpecNode.java:63)
		at org.spockframework.runtime.PlatformSpecRunner.lambda$createMethodInfoForDoRunSpec$0(PlatformSpecRunner.java:61)
		at org.spockframework.runtime.model.MethodInfo.invoke(MethodInfo.java:156)
		at org.spockframework.runtime.PlatformSpecRunner.invokeRaw(PlatformSpecRunner.java:407)
		at org.spockframework.runtime.PlatformSpecRunner.invoke(PlatformSpecRunner.java:390)
		at org.spockframework.runtime.PlatformSpecRunner.runSpec(PlatformSpecRunner.java:55)
		at org.spockframework.runtime.SpecNode.around(SpecNode.java:63)
		at org.spockframework.runtime.SpecNode.around(SpecNode.java:11)
		at org.junit.platform.engine.support.hierarchical.NodeTestTask.lambda$executeRecursively$9(NodeTestTask.java:139)
		at org.junit.platform.engine.support.hierarchical.ThrowableCollector.execute(ThrowableCollector.java:73)
		at org.junit.platform.engine.support.hierarchical.NodeTestTask.executeRecursively(NodeTestTask.java:138)
		at org.junit.platform.engine.support.hierarchical.NodeTestTask.execute(NodeTestTask.java:95)
		at java.base/java.util.ArrayList.forEach(ArrayList.java:1511)
		at org.junit.platform.engine.support.hierarchical.SameThreadHierarchicalTestExecutorService.invokeAll(SameThreadHierarchicalTestExecutorService.java:41)
		at org.junit.platform.engine.support.hierarchical.NodeTestTask.lambda$executeRecursively$6(NodeTestTask.java:155)
		at org.junit.platform.engine.support.hierarchical.ThrowableCollector.execute(ThrowableCollector.java:73)
		at org.junit.platform.engine.support.hierarchical.NodeTestTask.lambda$executeRecursively$8(NodeTestTask.java:141)
		at org.junit.platform.engine.support.hierarchical.Node.around(Node.java:137)
		at org.junit.platform.engine.support.hierarchical.NodeTestTask.lambda$executeRecursively$9(NodeTestTask.java:139)
		at org.junit.platform.engine.support.hierarchical.ThrowableCollector.execute(ThrowableCollector.java:73)
		at org.junit.platform.engine.support.hierarchical.NodeTestTask.executeRecursively(NodeTestTask.java:138)
		at org.junit.platform.engine.support.hierarchical.NodeTestTask.execute(NodeTestTask.java:95)
		at org.junit.platform.engine.support.hierarchical.SameThreadHierarchicalTestExecutorService.submit(SameThreadHierarchicalTestExecutorService.java:35)
		at org.junit.platform.engine.support.hierarchical.HierarchicalTestExecutor.execute(HierarchicalTestExecutor.java:57)
		at org.junit.platform.engine.support.hierarchical.HierarchicalTestEngine.execute(HierarchicalTestEngine.java:54)
		at org.junit.platform.launcher.core.EngineExecutionOrchestrator.execute(EngineExecutionOrchestrator.java:147)
		at org.junit.platform.launcher.core.EngineExecutionOrchestrator.execute(EngineExecutionOrchestrator.java:127)
		at org.junit.platform.launcher.core.EngineExecutionOrchestrator.execute(EngineExecutionOrchestrator.java:90)
		at org.junit.platform.launcher.core.EngineExecutionOrchestrator.lambda$execute$0(EngineExecutionOrchestrator.java:55)
		at org.junit.platform.launcher.core.EngineExecutionOrchestrator.withInterceptedStreams(EngineExecutionOrchestrator.java:102)
		at org.junit.platform.launcher.core.EngineExecutionOrchestrator.execute(EngineExecutionOrchestrator.java:54)
		at org.junit.platform.launcher.core.DefaultLauncher.execute(DefaultLauncher.java:114)
		at org.junit.platform.launcher.core.DefaultLauncher.execute(DefaultLauncher.java:86)
		at org.junit.platform.launcher.core.DefaultLauncherSession$DelegatingLauncher.execute(DefaultLauncherSession.java:86)
		at org.junit.platform.launcher.core.SessionPerRequestLauncher.execute(SessionPerRequestLauncher.java:53)
		at org.gradle.api.internal.tasks.testing.junitplatform.JUnitPlatformTestClassProcessor$CollectAllTestClassesExecutor.processAllTestClasses(JUnitPlatformTestClassProcessor.java:99)
		at org.gradle.api.internal.tasks.testing.junitplatform.JUnitPlatformTestClassProcessor$CollectAllTestClassesExecutor.access$000(JUnitPlatformTestClassProcessor.java:79)
		at org.gradle.api.internal.tasks.testing.junitplatform.JUnitPlatformTestClassProcessor.stop(JUnitPlatformTestClassProcessor.java:75)
		at org.gradle.api.internal.tasks.testing.SuiteTestClassProcessor.stop(SuiteTestClassProcessor.java:62)
		at java.base/jdk.internal.reflect.NativeMethodAccessorImpl.invoke0(Native Method)
		at java.base/jdk.internal.reflect.NativeMethodAccessorImpl.invoke(NativeMethodAccessorImpl.java:77)
		at java.base/jdk.internal.reflect.DelegatingMethodAccessorImpl.invoke(DelegatingMethodAccessorImpl.java:43)
		at java.base/java.lang.reflect.Method.invoke(Method.java:568)
		at org.gradle.internal.dispatch.ReflectionDispatch.dispatch(ReflectionDispatch.java:36)
		at org.gradle.internal.dispatch.ReflectionDispatch.dispatch(ReflectionDispatch.java:24)
		at org.gradle.internal.dispatch.ContextClassLoaderDispatch.dispatch(ContextClassLoaderDispatch.java:33)
		at org.gradle.internal.dispatch.ProxyDispatchAdapter$DispatchingInvocationHandler.invoke(ProxyDispatchAdapter.java:94)
		at jdk.proxy1/jdk.proxy1.$Proxy2.stop(Unknown Source)
		at org.gradle.api.internal.tasks.testing.worker.TestWorker$3.run(TestWorker.java:193)
		at org.gradle.api.internal.tasks.testing.worker.TestWorker.executeAndMaintainThreadName(TestWorker.java:129)
		at org.gradle.api.internal.tasks.testing.worker.TestWorker.execute(TestWorker.java:100)
		at org.gradle.api.internal.tasks.testing.worker.TestWorker.execute(TestWorker.java:60)
		at org.gradle.process.internal.worker.child.ActionExecutionWorker.execute(ActionExecutionWorker.java:56)
		at org.gradle.process.internal.worker.child.SystemApplicationClassLoaderWorker.call(SystemApplicationClassLoaderWorker.java:113)
		at org.gradle.process.internal.worker.child.SystemApplicationClassLoaderWorker.call(SystemApplicationClassLoaderWorker.java:65)
		at worker.org.gradle.process.internal.worker.GradleWorkerMain.run(GradleWorkerMain.java:69)
		at worker.org.gradle.process.internal.worker.GradleWorkerMain.main(GradleWorkerMain.java:74)
Caused by: org.postgresql.util.PSQLException: FATAL: password authentication failed for user &quot;usuario_invalido&quot;
	at app//org.postgresql.core.v3.ConnectionFactoryImpl.doAuthentication(ConnectionFactoryImpl.java:693)
	at app//org.postgresql.core.v3.ConnectionFactoryImpl.tryConnect(ConnectionFactoryImpl.java:203)
	at app//org.postgresql.core.v3.ConnectionFactoryImpl.openConnectionImpl(ConnectionFactoryImpl.java:258)
	at app//org.postgresql.core.ConnectionFactory.openConnection(ConnectionFactory.java:54)
	at app//org.postgresql.jdbc.PgConnection.&lt;init&gt;(PgConnection.java:263)
	at app//org.postgresql.Driver.makeConnection(Driver.java:443)
	at app//org.postgresql.Driver.connect(Driver.java:297)
	at platform/java.sql@17.0.10/java.sql.DriverManager.getConnection(DriverManager.java:681)
	at platform/java.sql@17.0.10/java.sql.DriverManager.getConnection(DriverManager.java:229)
	at app//groovy.sql.Sql.newInstance(Sql.java:398)
	at app//groovy.database.ConnectionFactory.createSql(ConnectionFactory.groovy:32)
	... 1 more
</failure>
  </testcase>
  <system-out><![CDATA[Erro ao criar conexão: FATAL: password authentication failed for user "usuario_invalido"
Erro ao criar conexão Sql: FATAL: password authentication failed for user "usuario_invalido"
]]></system-out>
  <system-err><![CDATA[]]></system-err>
</testsuite>
